Using pre-set license
Built from '2021.3/staging' branch; Version is '2021.3.20f1 (577897200b8b) revision 5732503'; Using compiler version '192829333'; Build Type 'Release'
OS: 'Windows 10  (10.0.19045) 64bit Core' Language: 'en' Physical Memory: 16177 MB
BatchMode: 1, IsHumanControllingUs: 0, StartBugReporterOnCrash: 0, Is64bit: 1, IsPro: 1

COMMAND LINE ARGUMENTS:
C:\Program Files\Unity\Hub\Editor\2021.3.20f1\Editor\Unity.exe
-adb2
-batchMode
-noUpm
-name
AssetImportWorker0
-projectPath
C:/GitHub/LATechGameJam/LATechGameJam3D
-logFile
Logs/AssetImportWorker0.log
-srvPort
50859
Successfully changed project path to: C:/GitHub/LATechGameJam/LATechGameJam3D
C:/GitHub/LATechGameJam/LATechGameJam3D
[UnityMemory] Configuration Parameters - Can be set up in boot.config
    "memorysetup-bucket-allocator-granularity=16"
    "memorysetup-bucket-allocator-bucket-count=8"
    "memorysetup-bucket-allocator-block-size=33554432"
    "memorysetup-bucket-allocator-block-count=8"
    "memorysetup-main-allocator-block-size=16777216"
    "memorysetup-thread-allocator-block-size=16777216"
    "memorysetup-gfx-main-allocator-block-size=16777216"
    "memorysetup-gfx-thread-allocator-block-size=16777216"
    "memorysetup-cache-allocator-block-size=4194304"
    "memorysetup-typetree-allocator-block-size=2097152"
    "memorysetup-profiler-bucket-allocator-granularity=16"
    "memorysetup-profiler-bucket-allocator-bucket-count=8"
    "memorysetup-profiler-bucket-allocator-block-size=33554432"
    "memorysetup-profiler-bucket-allocator-block-count=8"
    "memorysetup-profiler-allocator-block-size=16777216"
    "memorysetup-profiler-editor-allocator-block-size=1048576"
    "memorysetup-temp-allocator-size-main=16777216"
    "memorysetup-job-temp-allocator-block-size=2097152"
    "memorysetup-job-temp-allocator-block-size-background=1048576"
    "memorysetup-job-temp-allocator-reduction-small-platforms=262144"
    "memorysetup-temp-allocator-size-background-worker=32768"
    "memorysetup-temp-allocator-size-job-worker=262144"
    "memorysetup-temp-allocator-size-preload-manager=33554432"
    "memorysetup-temp-allocator-size-nav-mesh-worker=65536"
    "memorysetup-temp-allocator-size-audio-worker=65536"
    "memorysetup-temp-allocator-size-cloud-worker=32768"
    "memorysetup-temp-allocator-size-gi-baking-worker=262144"
    "memorysetup-temp-allocator-size-gfx=262144"
Player connection [8512] Host "[IP] 192.168.56.1 [Port] 0 [Flags] 2 [Guid] 3910113541 [EditorId] 3910113541 [Version] 1048832 [Id] WindowsEditor(7,SUSIEmk2) [Debug] 1 [PackageName] WindowsEditor [ProjectName] Editor" joined multi-casting on [225.0.0.222:54997]...

Player connection [8512] Host "[IP] 192.168.56.1 [Port] 0 [Flags] 2 [Guid] 3910113541 [EditorId] 3910113541 [Version] 1048832 [Id] WindowsEditor(7,SUSIEmk2) [Debug] 1 [PackageName] WindowsEditor [ProjectName] Editor" joined alternative multi-casting on [225.0.0.222:34997]...

Refreshing native plugins compatible for Editor in 92.46 ms, found 3 plugins.
Preloading 0 native plugins for Editor in 0.00 ms.
Initialize engine version: 2021.3.20f1 (577897200b8b)
[Subsystems] Discovering subsystems at path C:/Program Files/Unity/Hub/Editor/2021.3.20f1/Editor/Data/Resources/UnitySubsystems
[Subsystems] Discovering subsystems at path C:/GitHub/LATechGameJam/LATechGameJam3D/Assets
GfxDevice: creating device client; threaded=0; jobified=0
Direct3D:
    Version:  Direct3D 11.0 [level 11.1]
    Renderer: NVIDIA GeForce GTX 1650 Ti (ID=0x1f95)
    Vendor:   NVIDIA
    VRAM:     3949 MB
    Driver:   31.0.15.3161
Initialize mono
Mono path[0] = 'C:/Program Files/Unity/Hub/Editor/2021.3.20f1/Editor/Data/Managed'
Mono path[1] = 'C:/Program Files/Unity/Hub/Editor/2021.3.20f1/Editor/Data/MonoBleedingEdge/lib/mono/unityjit-win32'
Mono config path = 'C:/Program Files/Unity/Hub/Editor/2021.3.20f1/Editor/Data/MonoBleedingEdge/etc'
Using monoOptions --debugger-agent=transport=dt_socket,embedding=1,server=y,suspend=n,address=127.0.0.1:56020
Begin MonoManager ReloadAssembly
Registering precompiled unity dll's ...
Register platform support module: C:/Program Files/Unity/Hub/Editor/2021.3.20f1/Editor/Data/PlaybackEngines/WebGLSupport/UnityEditor.WebGL.Extensions.dll
Register platform support module: C:/Program Files/Unity/Hub/Editor/2021.3.20f1/Editor/Data/PlaybackEngines/AndroidPlayer/UnityEditor.Android.Extensions.dll
Register platform support module: C:/Program Files/Unity/Hub/Editor/2021.3.20f1/Editor/Data/PlaybackEngines/WindowsStandaloneSupport/UnityEditor.WindowsStandalone.Extensions.dll
Registered in 0.007952 seconds.
Native extension for WindowsStandalone target not found
Native extension for Android target not found
Android Extension - Scanning For ADB Devices 295 ms
Native extension for WebGL target not found
Refreshing native plugins compatible for Editor in 99.97 ms, found 3 plugins.
Preloading 0 native plugins for Editor in 0.00 ms.
Mono: successfully reloaded assembly
- Completed reload, in  0.991 seconds
Domain Reload Profiling:
	ReloadAssembly (992ms)
		BeginReloadAssembly (90ms)
			ExecutionOrderSort (0ms)
			DisableScriptedObjects (0ms)
			BackupInstance (0ms)
			ReleaseScriptingObjects (0ms)
			CreateAndSetChildDomain (1ms)
		EndReloadAssembly (805ms)
			LoadAssemblies (88ms)
			RebuildTransferFunctionScriptingTraits (0ms)
			SetupTypeCache (124ms)
			ReleaseScriptCaches (0ms)
			RebuildScriptCaches (25ms)
			SetupLoadedEditorAssemblies (604ms)
				LogAssemblyErrors (0ms)
				InitializePlatformSupportModulesInManaged (374ms)
				SetLoadedEditorAssemblies (0ms)
				RefreshPlugins (100ms)
				BeforeProcessingInitializeOnLoad (1ms)
				ProcessInitializeOnLoadAttributes (83ms)
				ProcessInitializeOnLoadMethodAttributes (46ms)
				AfterProcessingInitializeOnLoad (0ms)
				EditorAssembliesLoaded (0ms)
			ExecutionOrderSort2 (0ms)
			AwakeInstancesAfterBackupRestoration (0ms)
Platform modules already initialized, skipping
Registering precompiled user dll's ...
Registered in 0.007221 seconds.
Begin MonoManager ReloadAssembly
Symbol file LoadedFromMemory doesn't match image C:\GitHub\LATechGameJam\LATechGameJam3D\Library\PackageCache\com.unity.visualscripting@1.8.0\Editor\VisualScripting.Core\Dependencies\YamlDotNet\Unity.VisualScripting.YamlDotNet.dll
Symbol file LoadedFromMemory doesn't match image C:\GitHub\LATechGameJam\LATechGameJam3D\Library\PackageCache\com.unity.visualscripting@1.8.0\Editor\VisualScripting.Core\Dependencies\DotNetZip\Unity.VisualScripting.IonicZip.dll
Native extension for WindowsStandalone target not found
Native extension for Android target not found
Native extension for WebGL target not found
Refreshing native plugins compatible for Editor in 113.94 ms, found 3 plugins.
Preloading 0 native plugins for Editor in 0.00 ms.
Mono: successfully reloaded assembly
- Completed reload, in  1.280 seconds
Domain Reload Profiling:
	ReloadAssembly (1281ms)
		BeginReloadAssembly (122ms)
			ExecutionOrderSort (0ms)
			DisableScriptedObjects (6ms)
			BackupInstance (0ms)
			ReleaseScriptingObjects (0ms)
			CreateAndSetChildDomain (22ms)
		EndReloadAssembly (1046ms)
			LoadAssemblies (89ms)
			RebuildTransferFunctionScriptingTraits (0ms)
			SetupTypeCache (280ms)
			ReleaseScriptCaches (1ms)
			RebuildScriptCaches (58ms)
			SetupLoadedEditorAssemblies (558ms)
				LogAssemblyErrors (0ms)
				InitializePlatformSupportModulesInManaged (18ms)
				SetLoadedEditorAssemblies (0ms)
				RefreshPlugins (114ms)
				BeforeProcessingInitializeOnLoad (115ms)
				ProcessInitializeOnLoadAttributes (214ms)
				ProcessInitializeOnLoadMethodAttributes (89ms)
				AfterProcessingInitializeOnLoad (8ms)
				EditorAssembliesLoaded (0ms)
			ExecutionOrderSort2 (0ms)
			AwakeInstancesAfterBackupRestoration (9ms)
Platform modules already initialized, skipping
========================================================================
Worker process is ready to serve import requests
Launched and connected shader compiler UnityShaderCompiler.exe after 0.05 seconds
Refreshing native plugins compatible for Editor in 1.23 ms, found 3 plugins.
Preloading 0 native plugins for Editor in 0.00 ms.
Unloading 4706 Unused Serialized files (Serialized files now loaded: 0)
Unloading 41 unused Assets / (1.1 MB). Loaded Objects now: 5152.
Memory consumption went from 188.7 MB to 187.6 MB.
Total: 5.539300 ms (FindLiveObjects: 0.450800 ms CreateObjectMapping: 0.432400 ms MarkObjects: 3.818100 ms  DeleteObjects: 0.837000 ms)

AssetImportParameters requested are different than current active one (requested -> active):
  custom:video-decoder-ogg-theora: a1e56fd34408186e4bbccfd4996cb3dc -> 
  custom:container-muxer-webm: aa71ff27fc2769a1b78a27578f13a17b -> 
  custom:container-demuxer-webm: 4f35f7cbe854078d1ac9338744f61a02 -> 
  custom:video-encoder-webm-vp8: eb34c28f22e8b96e1ab97ce403110664 -> 
  custom:video-codec-MediaFoundation-h265: 746d11721c4dcdbdad8f713fa42b33f4 -> 
  custom:audio-encoder-webm-vorbis: bf7c407c2cedff20999df2af8eb42d56 -> 
  custom:framework-win-MediaFoundation: 216162199b28c13a410421893ffa2e32 -> 
  custom:container-demuxer-ogg: 62fdf1f143b41e24485cea50d1cbac27 -> 
  custom:video-decoder-webm-vp8: 9c59270c3fd7afecdb556c50c9e8de78 -> 
  custom:audio-decoder-ogg-vorbis: bf7c407c2cedff20999df2af8eb42d56 -> 
========================================================================
Received Import Request.
  Time since last request: 198766.745848 seconds.
  path: Assets/Scripts
  artifactKey: Guid(823c6ea0c51f45f4ca147ee34cf5d112) Importer(815301076,1909f56bfc062723c751e8b465ee728b)
Start importing Assets/Scripts using Guid(823c6ea0c51f45f4ca147ee34cf5d112) Importer(815301076,1909f56bfc062723c751e8b465ee728b)  -> (artifact id: '6f78310ce805075e48fc61d58143788c') in 0.011439 seconds 
========================================================================
Received Import Request.
  Time since last request: 7.582448 seconds.
  path: Assets/Models
  artifactKey: Guid(8980ea7a35ca0d64bb5e8c9a2cbfbfca) Importer(815301076,1909f56bfc062723c751e8b465ee728b)
Start importing Assets/Models using Guid(8980ea7a35ca0d64bb5e8c9a2cbfbfca) Importer(815301076,1909f56bfc062723c751e8b465ee728b)  -> (artifact id: '2f13a54fb7179d8e28781370e7c5c6e3') in 0.003064 seconds 
========================================================================
Received Import Request.
  Time since last request: 7.915251 seconds.
  path: Assets/Textures
  artifactKey: Guid(28e2fc95cc2144a4da3c3ec40bb01ce7) Importer(815301076,1909f56bfc062723c751e8b465ee728b)
Start importing Assets/Textures using Guid(28e2fc95cc2144a4da3c3ec40bb01ce7) Importer(815301076,1909f56bfc062723c751e8b465ee728b)  -> (artifact id: '1162a940b2e13c848340b11c588c1fc9') in 0.002794 seconds 
========================================================================
Received Import Request.
  Time since last request: 7.109223 seconds.
  path: Assets/Materials
  artifactKey: Guid(80d52a3d1637e4a4a800ef7c5995e152) Importer(815301076,1909f56bfc062723c751e8b465ee728b)
Start importing Assets/Materials using Guid(80d52a3d1637e4a4a800ef7c5995e152) Importer(815301076,1909f56bfc062723c751e8b465ee728b)  -> (artifact id: '47751a599692b2c1f1f18a0eca5ad7d1') in 0.003297 seconds 
========================================================================
Received Import Request.
  Time since last request: 5.828409 seconds.
  path: Assets/Prefabs
  artifactKey: Guid(107274cb4a2fb6a45a3b2c1b1fee3613) Importer(815301076,1909f56bfc062723c751e8b465ee728b)
Start importing Assets/Prefabs using Guid(107274cb4a2fb6a45a3b2c1b1fee3613) Importer(815301076,1909f56bfc062723c751e8b465ee728b)  -> (artifact id: '3a84ad7e878431e212f857800a25fdd3') in 0.003396 seconds 
========================================================================
Received Import Request.
  Time since last request: 11.631415 seconds.
  path: Assets/Imported Assets
  artifactKey: Guid(fa159299401cb084a800a71633f0570d) Importer(815301076,1909f56bfc062723c751e8b465ee728b)
Start importing Assets/Imported Assets using Guid(fa159299401cb084a800a71633f0570d) Importer(815301076,1909f56bfc062723c751e8b465ee728b)  -> (artifact id: 'dbbd4f482493e3d5c681e3992a7232c3') in 0.003164 seconds 
========================================================================
Received Import Request.
  Time since last request: 21.048824 seconds.
  path: Assets/Scenes
  artifactKey: Guid(9c53962885c2c4f449125a979d6ad240) Importer(815301076,1909f56bfc062723c751e8b465ee728b)
Start importing Assets/Scenes using Guid(9c53962885c2c4f449125a979d6ad240) Importer(815301076,1909f56bfc062723c751e8b465ee728b)  -> (artifact id: '7f1480ff4af096e12daf936c2b57b168') in 0.001418 seconds 
========================================================================
Received Import Request.
  Time since last request: 6.411858 seconds.
  path: Assets/Scenes/Test Ty.unity
  artifactKey: Guid(42505b4954cd3e04f96ae228c5d89df5) Importer(815301076,1909f56bfc062723c751e8b465ee728b)
Start importing Assets/Scenes/Test Ty.unity using Guid(42505b4954cd3e04f96ae228c5d89df5) Importer(815301076,1909f56bfc062723c751e8b465ee728b)  -> (artifact id: 'd32f79f2c127185cc78ef6e97ed0de3f') in 0.003915 seconds 
========================================================================
Received Import Request.
  Time since last request: 1.342081 seconds.
  path: Assets/Scenes/Test Ty 1.unity
  artifactKey: Guid(4425402b36c4a8447be2ab0ee9970685) Importer(815301076,1909f56bfc062723c751e8b465ee728b)
Start importing Assets/Scenes/Test Ty 1.unity using Guid(4425402b36c4a8447be2ab0ee9970685) Importer(815301076,1909f56bfc062723c751e8b465ee728b)  -> (artifact id: '9b36ce916c10911208de0ee81e219afc') in 0.001594 seconds 
========================================================================
Received Import Request.
  Time since last request: 6.231973 seconds.
  path: Assets/Scenes/Test Spencer.unity
  artifactKey: Guid(4425402b36c4a8447be2ab0ee9970685) Importer(815301076,1909f56bfc062723c751e8b465ee728b)
Start importing Assets/Scenes/Test Spencer.unity using Guid(4425402b36c4a8447be2ab0ee9970685) Importer(815301076,1909f56bfc062723c751e8b465ee728b)  -> (artifact id: 'c0a98e3ded4a89d15fea002e835c968a') in 0.001606 seconds 
========================================================================
Received Import Request.
  Time since last request: 2.919618 seconds.
  path: Assets/Scenes/Test Spencer 1.unity
  artifactKey: Guid(4b917a6c6d248054daac6bc56c693346) Importer(815301076,1909f56bfc062723c751e8b465ee728b)
Start importing Assets/Scenes/Test Spencer 1.unity using Guid(4b917a6c6d248054daac6bc56c693346) Importer(815301076,1909f56bfc062723c751e8b465ee728b)  -> (artifact id: '8d899676dc79201a94e5e3a9ad3727ac') in 0.001545 seconds 
========================================================================
Received Import Request.
  Time since last request: 5.927097 seconds.
  path: Assets/Scenes/Test Sam.unity
  artifactKey: Guid(4b917a6c6d248054daac6bc56c693346) Importer(815301076,1909f56bfc062723c751e8b465ee728b)
Start importing Assets/Scenes/Test Sam.unity using Guid(4b917a6c6d248054daac6bc56c693346) Importer(815301076,1909f56bfc062723c751e8b465ee728b)  -> (artifact id: 'ea3f1c701643162b5996d86213b7be49') in 0.002562 seconds 
========================================================================
Received Import Request.
  Time since last request: 2.382718 seconds.
  path: Assets/Scenes/Test Sam 1.unity
  artifactKey: Guid(378d7b19ff25535419bcd26282e0da6a) Importer(815301076,1909f56bfc062723c751e8b465ee728b)
Start importing Assets/Scenes/Test Sam 1.unity using Guid(378d7b19ff25535419bcd26282e0da6a) Importer(815301076,1909f56bfc062723c751e8b465ee728b)  -> (artifact id: 'e97827fe09625424b23bf669f38fca06') in 0.001740 seconds 
========================================================================
Received Import Request.
  Time since last request: 9.973923 seconds.
  path: Assets/Scenes/Test John.unity
  artifactKey: Guid(378d7b19ff25535419bcd26282e0da6a) Importer(815301076,1909f56bfc062723c751e8b465ee728b)
Start importing Assets/Scenes/Test John.unity using Guid(378d7b19ff25535419bcd26282e0da6a) Importer(815301076,1909f56bfc062723c751e8b465ee728b)  -> (artifact id: 'bcbdf15b0a730510aa8cc967fd9b3b4e') in 0.001425 seconds 
